  diagram2.cpp
diagram2.cpp(116): warning C4267: инициализация: преобразование из "size_t" в "int"; возможна потеря данных
diagram2.cpp(193): warning C4267: return: преобразование из "size_t" в "int"; возможна потеря данных
diagram2.cpp(205): warning C4267: =: преобразование из "size_t" в "int"; возможна потеря данных
diagram2.cpp(209): warning C4267: =: преобразование из "size_t" в "int"; возможна потеря данных
diagram2.cpp(243): warning C4267: =: преобразование из "size_t" в "int"; возможна потеря данных
diagram2.cpp(251): warning C4267: =: преобразование из "size_t" в "int"; возможна потеря данных
diagram2.cpp(413): warning C4267: инициализация: преобразование из "size_t" в "int"; возможна потеря данных
  Diagram3.cpp
Diagram3.cpp(74): warning C4267: аргумент: преобразование из "size_t" в "int"; возможна потеря данных
  GeneralizedProcessR.cpp
  GeneralizedProcessR3.cpp
  main.cpp
  Standarddeviation.cpp
Standarddeviation.cpp(86): warning C4267: инициализация: преобразование из "size_t" в "int"; возможна потеря данных
  Создание кода
  All 416 functions were compiled because no usable IPDB/IOBJ from previous compilation was found.
  Создание кода завершено
  Diag_up.vcxproj -> C:\Users\сясит аккеекекгеееч\Documents\Visual Studio 2015\Projects\Diag_up_git\x64\Release\Diag_up.exe
  Diag_up.vcxproj -> C:\Users\сясит аккеекекгеееч\Documents\Visual Studio 2015\Projects\Diag_up_git\x64\Release\Diag_up.pdb (Full PDB)
